Determining if the pthread_create exist failed with the following output:
Change Dir: /home/ubuntu/code_edison/new_code/wksp/build/CMakeFiles/CMakeTmp

Run Build Command:/usr/bin/make "cmTryCompileExec3188516757/fast"
/usr/bin/make -f CMakeFiles/cmTryCompileExec3188516757.dir/build.make CMakeFiles/cmTryCompileExec3188516757.dir/build
make[1]: Entering directory `/home/ubuntu/code_edison/new_code/wksp/build/CMakeFiles/CMakeTmp'
/usr/bin/cmake -E cmake_progress_report /home/ubuntu/code_edison/new_code/wksp/build/CMakeFiles/CMakeTmp/CMakeFiles 1
Building C object CMakeFiles/cmTryCompileExec3188516757.dir/CheckSymbolExists.c.o
/usr/bin/cc    -o CMakeFiles/cmTryCompileExec3188516757.dir/CheckSymbolExists.c.o   -c /home/ubuntu/code_edison/new_code/wksp/build/CMakeFiles/CMakeTmp/CheckSymbolExists.c
Linking C executable cmTryCompileExec3188516757
/usr/bin/cmake -E cmake_link_script CMakeFiles/cmTryCompileExec3188516757.dir/link.txt --verbose=1
/usr/bin/cc       CMakeFiles/cmTryCompileExec3188516757.dir/CheckSymbolExists.c.o  -o cmTryCompileExec3188516757 -rdynamic 
CMakeFiles/cmTryCompileExec3188516757.dir/CheckSymbolExists.c.o: In function `main':
CheckSymbolExists.c:(.text+0xe): undefined reference to `pthread_create'
CheckSymbolExists.c:(.text+0x12): undefined reference to `pthread_create'
collect2: error: ld returned 1 exit status
make[1]: Leaving directory `/home/ubuntu/code_edison/new_code/wksp/build/CMakeFiles/CMakeTmp'
make[1]: *** [cmTryCompileExec3188516757] Error 1
make: *** [cmTryCompileExec3188516757/fast] Error 2

File /home/ubuntu/code_edison/new_code/wksp/build/CMakeFiles/CMakeTmp/CheckSymbolExists.c:
/* */
#include <pthread.h>

int main(int argc, char** argv)
{
  (void)argv;
#ifndef pthread_create
  return ((int*)(&pthread_create))[argc];
#else
  (void)argc;
  return 0;
#endif
}

Determining if the function pthread_create exists in the pthreads failed with the following output:
Change Dir: /home/ubuntu/code_edison/new_code/wksp/build/CMakeFiles/CMakeTmp

Run Build Command:/usr/bin/make "cmTryCompileExec2247463632/fast"
/usr/bin/make -f CMakeFiles/cmTryCompileExec2247463632.dir/build.make CMakeFiles/cmTryCompileExec2247463632.dir/build
make[1]: Entering directory `/home/ubuntu/code_edison/new_code/wksp/build/CMakeFiles/CMakeTmp'
/usr/bin/cmake -E cmake_progress_report /home/ubuntu/code_edison/new_code/wksp/build/CMakeFiles/CMakeTmp/CMakeFiles 1
Building C object CMakeFiles/cmTryCompileExec2247463632.dir/CheckFunctionExists.c.o
/usr/bin/cc   -DCHECK_FUNCTION_EXISTS=pthread_create   -o CMakeFiles/cmTryCompileExec2247463632.dir/CheckFunctionExists.c.o   -c /usr/share/cmake-2.8/Modules/CheckFunctionExists.c
Linking C executable cmTryCompileExec2247463632
/usr/bin/cmake -E cmake_link_script CMakeFiles/cmTryCompileExec2247463632.dir/link.txt --verbose=1
/usr/bin/cc   -DCHECK_FUNCTION_EXISTS=pthread_create    CMakeFiles/cmTryCompileExec2247463632.dir/CheckFunctionExists.c.o  -o cmTryCompileExec2247463632 -rdynamic -lpthreads 
/usr/bin/ld: cannot find -lpthreads
collect2: error: ld returned 1 exit status
make[1]: Leaving directory `/home/ubuntu/code_edison/new_code/wksp/build/CMakeFiles/CMakeTmp'
make[1]: *** [cmTryCompileExec2247463632] Error 1
make: *** [cmTryCompileExec2247463632/fast] Error 2


